<?xml version="1.0" encoding="UTF-8"?>
<testsuite xmlns:xsi="http://www.w3.org/2001/XMLSchema-instance" xsi:noNamespaceSchemaLocation="https://maven.apache.org/surefire/maven-surefire-plugin/xsd/surefire-test-report.xsd" name="com.test.papercut.CorrectDataTest" time="0.003" tests="4" errors="0" skipped="0" failures="0">
  <properties>
    <property name="sun.desktop" value="gnome"/>
    <property name="awt.toolkit" value="sun.awt.X11.XToolkit"/>
    <property name="file.encoding.pkg" value="sun.io"/>
    <property name="java.specification.version" value="1.8"/>
    <property name="sun.cpu.isalist" value=""/>
    <property name="sun.jnu.encoding" value="UTF-8"/>
    <property name="java.class.path" value="/home/sam/Desktop/WS/WS/Java/MyEclipesRunable/Syed_Kazmi/target/test-classes:/home/sam/Desktop/WS/WS/Java/MyEclipesRunable/Syed_Kazmi/target/classes:/home/sam/.m2/repository/junit/junit/4.11/junit-4.11.jar:/home/sam/.m2/repository/org/hamcrest/hamcrest-core/1.3/hamcrest-core-1.3.jar:/home/sam/.m2/repository/org/apache/directory/studio/org.apache.commons.io/2.4/org.apache.commons.io-2.4.jar:/home/sam/.m2/repository/commons-io/commons-io/2.4/commons-io-2.4.jar:/home/sam/.m2/repository/org/hamcrest/hamcrest-library/1.3/hamcrest-library-1.3.jar:/home/sam/.m2/repository/org/apache/commons/commons-csv/1.5/commons-csv-1.5.jar:"/>
    <property name="java.vm.vendor" value="Oracle Corporation"/>
    <property name="sun.arch.data.model" value="64"/>
    <property name="java.vendor.url" value="http://java.oracle.com/"/>
    <property name="user.timezone" value=""/>
    <property name="java.vm.specification.version" value="1.8"/>
    <property name="os.name" value="Linux"/>
    <property name="user.country" value="AU"/>
    <property name="sun.java.launcher" value="SUN_STANDARD"/>
    <property name="sun.boot.library.path" value="/home/sam/dev/java/java8/jre/lib/amd64"/>
    <property name="sun.java.command" value="/home/sam/Desktop/WS/WS/Java/MyEclipesRunable/Syed_Kazmi/target/surefire/surefirebooter4837266203989486860.jar /home/sam/Desktop/WS/WS/Java/MyEclipesRunable/Syed_Kazmi/target/surefire 2018-05-31T23-37-25_062-jvmRun1 surefire2155505185764158458tmp surefire_03895684395145874923tmp"/>
    <property name="surefire.test.class.path" value="/home/sam/Desktop/WS/WS/Java/MyEclipesRunable/Syed_Kazmi/target/test-classes:/home/sam/Desktop/WS/WS/Java/MyEclipesRunable/Syed_Kazmi/target/classes:/home/sam/.m2/repository/junit/junit/4.11/junit-4.11.jar:/home/sam/.m2/repository/org/hamcrest/hamcrest-core/1.3/hamcrest-core-1.3.jar:/home/sam/.m2/repository/org/apache/directory/studio/org.apache.commons.io/2.4/org.apache.commons.io-2.4.jar:/home/sam/.m2/repository/commons-io/commons-io/2.4/commons-io-2.4.jar:/home/sam/.m2/repository/org/hamcrest/hamcrest-library/1.3/hamcrest-library-1.3.jar:/home/sam/.m2/repository/org/apache/commons/commons-csv/1.5/commons-csv-1.5.jar:"/>
    <property name="sun.cpu.endian" value="little"/>
    <property name="user.home" value="/home/sam"/>
    <property name="user.language" value="en"/>
    <property name="java.specification.vendor" value="Oracle Corporation"/>
    <property name="java.home" value="/home/sam/dev/java/java8/jre"/>
    <property name="basedir" value="/home/sam/Desktop/WS/WS/Java/MyEclipesRunable/Syed_Kazmi"/>
    <property name="file.separator" value="/"/>
    <property name="line.separator" value="&#10;"/>
    <property name="java.vm.specification.vendor" value="Oracle Corporation"/>
    <property name="java.specification.name" value="Java Platform API Specification"/>
    <property name="java.awt.graphicsenv" value="sun.awt.X11GraphicsEnvironment"/>
    <property name="surefire.real.class.path" value="/home/sam/Desktop/WS/WS/Java/MyEclipesRunable/Syed_Kazmi/target/surefire/surefirebooter4837266203989486860.jar"/>
    <property name="sun.boot.class.path" value="/home/sam/dev/java/java8/jre/lib/resources.jar:/home/sam/dev/java/java8/jre/lib/rt.jar:/home/sam/dev/java/java8/jre/lib/sunrsasign.jar:/home/sam/dev/java/java8/jre/lib/jsse.jar:/home/sam/dev/java/java8/jre/lib/jce.jar:/home/sam/dev/java/java8/jre/lib/charsets.jar:/home/sam/dev/java/java8/jre/lib/jfr.jar:/home/sam/dev/java/java8/jre/classes"/>
    <property name="sun.management.compiler" value="HotSpot 64-Bit Tiered Compilers"/>
    <property name="java.runtime.version" value="1.8.0_171-b11"/>
    <property name="user.name" value="sam"/>
    <property name="path.separator" value=":"/>
    <property name="os.version" value="4.15.0-20-generic"/>
    <property name="java.endorsed.dirs" value="/home/sam/dev/java/java8/jre/lib/endorsed"/>
    <property name="java.runtime.name" value="Java(TM) SE Runtime Environment"/>
    <property name="file.encoding" value="UTF-8"/>
    <property name="java.vm.name" value="Java HotSpot(TM) 64-Bit Server VM"/>
    <property name="localRepository" value="/home/sam/.m2/repository"/>
    <property name="java.vendor.url.bug" value="http://bugreport.sun.com/bugreport/"/>
    <property name="java.io.tmpdir" value="/tmp"/>
    <property name="java.version" value="1.8.0_171"/>
    <property name="user.dir" value="/home/sam/Desktop/WS/WS/Java/MyEclipesRunable/Syed_Kazmi"/>
    <property name="os.arch" value="amd64"/>
    <property name="java.vm.specification.name" value="Java Virtual Machine Specification"/>
    <property name="java.awt.printerjob" value="sun.print.PSPrinterJob"/>
    <property name="sun.os.patch.level" value="unknown"/>
    <property name="java.library.path" value="/home/sam/.linuxbrew/lib64:/home/sam/.linuxbrew/lib:/home/sam/.linuxbrew/lib64:/home/sam/.linuxbrew/lib:/u01/app/oracle/product/11.2.0/xe/lib:/u01/app/oracle/product/11.2.0/xe/lib::/usr/java/packages/lib/amd64:/usr/lib64:/lib64:/lib:/usr/lib"/>
    <property name="java.vm.info" value="mixed mode"/>
    <property name="java.vendor" value="Oracle Corporation"/>
    <property name="java.vm.version" value="25.171-b11"/>
    <property name="java.ext.dirs" value="/home/sam/dev/java/java8/jre/lib/ext:/usr/java/packages/lib/ext"/>
    <property name="sun.io.unicode.encoding" value="UnicodeLittle"/>
    <property name="java.class.version" value="52.0"/>
  </properties>
  <testcase name="firstLoadPagesWithCorrectData" classname="com.test.papercut.CorrectDataTest" time="0"/>
  <testcase name="fourthLoadPagesWithCorrectData" classname="com.test.papercut.CorrectDataTest" time="0.001"/>
  <testcase name="secondLoadPagesWithCorrectData" classname="com.test.papercut.CorrectDataTest" time="0.001"/>
  <testcase name="thirdLoadPagesWithCorrectData" classname="com.test.papercut.CorrectDataTest" time="0.001"/>
</testsuite>